app/proguard-rules.pro
# Add project specific ProGuard rules here.
# By default, the flags in this file are appended to flags specified
# in D:\Android_sdk/tools/proguard/proguard-android.txt
# You can edit the include path and order by changing the proguardFiles
# directive in build.gradle.
#
# For more details, see
#   http://developer.android.com/guide/developing/tools/proguard.html

# Add any project specific keep options here:

# If your project uses WebView with JS, uncomment the following
# and specify the fully qualified class name to the JavaScript interface
# class:
#-keepclassmembers class fqcn.of.javascript.interface.for.webview {
#   public *;
#}

# Uncomment this to preserve the line number information for
# debugging stack traces.
#-keepattributes SourceFile,LineNumberTable

# If you keep the line number information, uncomment this to
# hide the original source file name.
#-renamesourcefileattribute SourceFile

-optimizationpasses 5
-dontusemixedcaseclassnames
-dontskipnonpubliclibraryclasses
-dontskipnonpubliclibraryclassmembers
-dontpreverify
-verbose
-optimizations !code/simplification/arithmetic,!field/*,!class/merging/*
-ignorewarnings

# 保留Annotation不混淆
-keepattributes *Annotation*,InnerClasses
-keepattributes Signature
# 抛出异常时保留代码行号
-keepattributes SourceFile,LineNumberTable

# 保留我们使用的四大组件，自定义的Application等等这些类不被混淆
# 因为这些子类都有可能被外部调用
-keep public class * extends android.app.Activity
-keep public class * extends android.app.Appliction
-keep public class * extends android.app.Service
-keep public class * extends android.content.BroadcastReceiver
-keep public class * extends android.content.ContentProvider
-keep public class * extends android.app.backup.BackupAgentHelper
-keep public class * extends android.preference.Preference
-keep public class * extends android.view.View
-keep public class com.android.vending.licensing.ILicensingService
# 保留support下的所有类及其内部类
-keep class android.support.** {*;}
# 保留继承的
-keep public class * extends android.support.v4.**
-keep public class * extends android.support.v7.**
-keep public class * extends android.support.annotation.**
## 保留R下面的资源
#-keep class **.R$* {*;}
#apk 包内所有 class 的内部结构
-dump class_files.txt
#未混淆的类和成员
-printseeds seeds.txt
#列出从 apk 中删除的代码
-printusage unused.txt
#混淆前后的映射
-printmapping mapping.txt
-keep public class * extends android.view.View {
    public <init>(android.content.Context);
    public <init>(android.content.Context, android.util.AttributeSet);
    public <init>(android.content.Context, android.util.AttributeSet, int);
    public void set*(...);
}

-keepclasseswithmembernames class * {       # 保持 native 方法不被混淆
    native <methods>;
}
-keepclasseswithmembers class * {            # 保持自定义控件类不被混淆
    public <init>(android.content.Context, android.util.AttributeSet);
}
#保持自定义控件类不被混淆
-keepclasseswithmembers class * {
    public <init>(android.content.Context, android.util.AttributeSet, int);
}
#保留在Activity中的方法参数是view的方法
-keepclassmembers class * extends android.app.Activity{
    public void *(android.view.View);
}
-keepclassmembers class * {
    public void *ButtonClicked(android.view.View);
}

#Gson 混淆配置
-keepattributes *Annotation*
-keep class cn.com.sgcc.dev.model2.**{*;}
-keep class cn.com.sgcc.dev.dao2.**{*;}
-keep class cn.com.sgcc.dev.net.**{*;}

#Retrofit 混淆配置
-dontnote retrofit2.Platform
-dontnote retrofit2.Platform$IOS$MainThreadExecutor
-dontwarn retrofit2.Platform$Java8
-keepattributes Signature
-keepattributes Exceptions

#okhttp 混淆配置
-dontwarn okio.**

#android-pdf-viewer 混淆配置
-keep class com.github.barteksc.pdfviewer.**{*;}
-keep class com.shockwave.pdfium.**{*;}

#greendao3.2.0,此是针对3.2.0，如果是之前的，可能需要更换下包名
-keep class org.greenrobot.greendao.**{*;}
-keepclassmembers class * extends org.greenrobot.greendao.AbstractDao {
    public static java.lang.String TABLENAME;
}

-keep class **$Properties
-keep class net.sqlcipher.database.**{*;}
-keep public interface net.sqlcipher.database.**
-dontwarn net.sqlcipher.database.**
-dontwarn org.greenrobot.greendao.**

##保持zxing不被混淆
#-keep com.google.zxing.**{*;}
#-dontwarn com.google.zxing.**

# 热修复混淆
-keep class * extends java.lang.annotation.Annotation
-keep class com.alipay.euler.andfix.** { *; }
-keepclasseswithmembernames class * {
    native <methods>;
}