app/seeds.txt
cn.com.sgcc.dev.R$styleable: int TabLayout_tabIndicatorColor
cn.com.sgcc.dev.model2.vo.DataHolder: cn.com.sgcc.dev.model2.vo.DataHolder holder
cn.com.sgcc.dev.dao2.BDWDao: boolean hasKey(cn.com.sgcc.dev.model2.BDW)
cn.com.sgcc.dev.model2.LTYSBXH: void setJymscsj(java.lang.String)
cn.com.sgcc.dev.R$styleable: int Variant_region_heightLessThan
cn.com.sgcc.dev.R$styleable: int SwitchCompat_thumbTintMode
cn.com.sgcc.dev.dao2.XLCSDao$Properties: org.greenrobot.greendao.Property CZ1
cn.com.sgcc.dev.dao2.LTYSBXHDao$Properties: org.greenrobot.greendao.Property Xp
cn.com.sgcc.dev.model2.BZSJ: java.lang.String bz
cn.com.sgcc.dev.dao2.CZCSDao$Properties: org.greenrobot.greendao.Property Sftcyx
cn.com.sgcc.dev.R$styleable: int ActionBar_icon
cn.com.sgcc.dev.R$styleable: int AppCompatTheme_windowFixedWidthMajor
cn.com.sgcc.dev.dao2.LTYSBXHDao$Properties: org.greenrobot.greendao.Property Md5
cn.com.sgcc.dev.R$styleable: int[] ScrimInsetsFrameLayout
cn.com.sgcc.dev.model2.CCXX: java.lang.String getCcrq()
cn.com.sgcc.dev.model2.DLQK: void setLogintime(java.lang.String)
cn.com.sgcc.dev.dao2.XLCSDao$Properties: org.greenrobot.greendao.Property SFBDSJ
cn.com.sgcc.dev.model2.ycsb.DRQCS: java.lang.String getBZ()
cn.com.sgcc.dev.dao2.RLST_USERDao$Properties: org.greenrobot.greendao.Property Gltz
cn.com.sgcc.dev.model2.BHLBXH: java.lang.String getBhlb()
cn.com.sgcc.dev.model2.SBZCXX: void setSsdw(java.lang.String)
cn.com.sgcc.dev.R$styleable: int MenuItem_actionLayout
cn.com.sgcc.dev.model2.BHPZXHBBGX: long BHPZID
cn.com.sgcc.dev.model2.AKXTGX
cn.com.sgcc.dev.R$styleable: int ConstraintSet_layout_constraintBaseline_toBaselineOf
cn.com.sgcc.dev.model2.BHPZ: void setSfjrzz(java.lang.String)
cn.com.sgcc.dev.model2.LJQXX: java.lang.String ctzjzzcj
cn.com.sgcc.dev.model2.ycsb.JGCS: void setDydj(int)
cn.com.sgcc.dev.dao2.ICDXXDao$Properties: org.greenrobot.greendao.Property ED_TAG
cn.com.sgcc.dev.model2.ycsb.DDJCS: void setSFBDSJ(java.lang.String)
cn.com.sgcc.dev.model2.ycsb.XLCS: java.lang.String getGLDW3()
cn.com.sgcc.dev.dao2.DWJCDao: void readEntity(android.database.Cursor,cn.com.sgcc.dev.model2.DWJC,int)
cn.com.sgcc.dev.model2.ycsb.DRQCS: java.lang.String czr
cn.com.sgcc.dev.dao2.ZZCJDao: java.lang.Object readEntity(android.database.Cursor,int)
cn.com.sgcc.dev.R$styleable: int Transition_constraintSetEnd
cn.com.sgcc.dev.dao2.BHPZDao$Properties: org.greenrobot.greendao.Property Cteceddl
cn.com.sgcc.dev.R$styleable: int Toolbar_navigationContentDescription
cn.com.sgcc.dev.model2.FZBHSB: java.lang.String getUsegddata()
cn.com.sgcc.dev.dao2.SBXXDao: java.lang.Object readEntity(android.database.Cursor,int)
cn.com.sgcc.dev.R$styleable: int ConstraintSet_android_id
cn.com.sgcc.dev.dao2.DLQCSDao$Properties: org.greenrobot.greendao.Property WJ_DW
cn.com.sgcc.dev.model2.BHSBXHB: void setSbxh(java.lang.String)
cn.com.sgcc.dev.net.BaseCallModel4: java.lang.String errorPage
cn.com.sgcc.dev.model2.ycsb.DDJCS: void setBZ(java.lang.String)
cn.com.sgcc.dev.dao2.BHXHRJBBDao: void readEntity(android.database.Cursor,cn.com.sgcc.dev.model2.BHXHRJBB,int)
cn.com.sgcc.dev.dao2.CZCSDao$Properties: org.greenrobot.greendao.Property Sfxtlr
cn.com.sgcc.dev.net.retrofit.ProgressResponseBody: okhttp3.ResponseBody responseBody
cn.com.sgcc.dev.utils.MyScrollView: MyScrollView(android.content.Context,android.util.AttributeSet,int)
cn.com.sgcc.dev.dao2.LTYSBXHDao$Properties: org.greenrobot.greendao.Property Zyjcpc
cn.com.sgcc.dev.dao2.BHPZDao$Properties: org.greenrobot.greendao.Property Shsj
cn.com.sgcc.dev.model2.BKXX: void setBkbh(java.lang.String)
cn.com.sgcc.dev.model2.BHSBXHB: void setBbxh(int)
cn.com.sgcc.dev.dao2.AKXTGXDao: cn.com.sgcc.dev.model2.AKXTGX readEntity(android.database.Cursor,int)
cn.com.sgcc.dev.model2.ycsb.DKQCS: java.lang.String czr
cn.com.sgcc.dev.model2.ycsb.XLCS: java.lang.String getWJ_DW()
cn.com.sgcc.dev.view.viewinterface.SideBar: SideBar(android.content.Context)
...
android.support.v7.appcompat.R$style: int Base_Theme_AppCompat_Light_DialogWhenLarge
com.github.barteksc.pdfviewer.PagesLoader: android.graphics.RectF thumbnailRect
android.support.constraint.solver.widgets.ConstraintWidget: java.lang.String mDebugName
android.support.v4.app.FragmentTabHost: int mContainerId
android.support.v7.widget.Toolbar: int getCurrentContentInsetLeft()
android.support.design.widget.FloatingActionButton: android.support.design.widget.FloatingActionButtonImpl mImpl
android.support.constraint.motion.TimeCycleSplineSet: java.lang.String mType
android.support.design.R$style: int TextAppearance_AppCompat_Display4
android.support.transition.PathProperty: android.graphics.PointF mPointF
android.support.v7.view.StandaloneActionMode: boolean isUiFocusable()
android.support.v7.app.ToolbarActionBar: void removeTabAt(int)
android.support.v4.app.ShareCompat$IntentReader: java.util.ArrayList mStreams
android.support.v4.media.session.MediaSessionCompat$MediaSessionImplBase: void release()
android.support.v4.view.accessibility.AccessibilityNodeInfoCompat$RangeInfoCompat: int getType()
android.support.v7.util.AsyncListUtil$DataCallback: int refreshData()
android.support.v4.app.FragmentTransitionCompat21$3: java.util.ArrayList val$exitingViews
android.support.v4.util.LongSparseArray: int indexOfKey(long)
android.support.v7.widget.SwitchCompat: java.lang.String ACCESSIBILITY_EVENT_CLASS_NAME
android.support.v7.appcompat.R$dimen: int abc_text_size_display_4_material
android.support.v7.appcompat.R$styleable: R$styleable()
android.support.constraint.solver.widgets.Guideline: void setOrientation(int)
android.support.graphics.drawable.R$dimen: int compat_button_padding_vertical_material
android.support.constraint.R$style: int Base_V21_ThemeOverlay_AppCompat_Dialog
android.support.v4.app.NotificationCompat$WearableExtender: android.support.v4.app.NotificationCompat$WearableExtender setBackground(android.graphics.Bitmap)
android.support.v4.app.ListFragment: void ensureList()
android.support.v7.widget.AppCompatMultiAutoCompleteTextView: AppCompatMultiAutoCompleteTextView(android.content.Context)
android.support.design.R$styleable: int ViewBackgroundHelper_backgroundTint
android.support.compat.R$styleable: int FontFamily_fontProviderAuthority
android.support.coreui.R$style: int Widget_Compat_NotificationActionContainer
android.support.v7.view.WindowCallbackWrapper: boolean dispatchKeyEvent(android.view.KeyEvent)
android.support.v4.graphics.TypefaceCompatApi24Impl
android.support.v4.app.FragmentHostCallback
android.support.v4.app.FragmentActivity: boolean onCreatePanelMenu(int,android.view.Menu)
android.support.v7.widget.ResourcesWrapper: int getDimensionPixelOffset(int)
android.support.v4.app.NotificationCompat$WearableExtender: int getCustomContentHeight()
android.support.constraint.R$attr: int navigationContentDescription
com.shockwave.pdfium.PdfiumCore: java.lang.String nativeGetDocumentMetaText(long,java.lang.String)
android.support.v7.graphics.drawable.DrawableWrapper: void setTint(int)
android.support.v7.view.menu.MenuView$ItemView: void setIcon(android.graphics.drawable.Drawable)
android.support.v7.view.StandaloneActionMode: void setSubtitle(java.lang.CharSequence)
android.support.v7.widget.helper.ItemTouchHelper$ItemTouchHelperGestureListener
android.support.v4.media.AudioAttributesCompat$Builder: AudioAttributesCompat$Builder()
android.support.v7.widget.RecyclerView: void setLayoutFrozen(boolean)
android.support.v7.app.TwilightManager$TwilightState: long tomorrowSunrise
android.support.v7.view.menu.MenuItemImpl: boolean shouldShowIcon()
android.support.constraint.ConstraintSet$Constraint: int endToStart
android.support.constraint.ConstraintAttribute: void setValue(java.lang.Object)
android.support.design.R$styleable: int MenuItem_actionViewClass
android.support.design.widget.StateListAnimator$1: android.support.design.widget.StateListAnimator this$0