app/unused.txt
cn.com.sgcc.dev.presenter.ILoginPresenter
cn.com.sgcc.dev.BuildConfig
cn.com.sgcc.dev.utils.MD5
    private static final int S11
    private static final int S12
    private static final int S13
    private static final int S14
    private static final int S21
    private static final int S22
    private static final int S23
    private static final int S24
    private static final int S31
    private static final int S32
    private static final int S33
    private static final int S34
cn.com.sgcc.dev.constants.Constants
    public void <init>()
    public static final boolean ISNS
    public static final java.lang.String DBBB
    public static final int rjbb_cout
    public static final int ver_info_limt
    public static final java.lang.String admin
    public static final java.lang.String admin_pw
cn.com.sgcc.dev.customeView.recylerUtil.MTLinearLayoutManager
    public void setMilliSecondPerInch(float)
cn.com.sgcc.dev.view.fragment.DeviceOneFragment
    static synthetic cn.com.sgcc.dev.customeView.CustomDialog access$000(cn.com.sgcc.dev.view.fragment.DeviceOneFragment)
    public void showTypeDialog(java.lang.String,java.lang.String)
    public void is_use_load(int,java.lang.String)
    private cn.com.sgcc.dev.customeView.CustomDialog type_dialog
cn.com.sgcc.dev.R$attr
cn.com.sgcc.dev.view.fragment.DeviceListFragments
    public void receiveData(java.util.List,java.util.List)
cn.com.sgcc.dev.customeView.LabelLayout
    public void <init>(android.content.Context,android.os.Handler,android.widget.RelativeLayout,int)
    public void setData(java.util.List)
    public void dismiss()
cn.com.sgcc.dev.utils.PingYinUtil
cn.com.sgcc.dev.view.fragment.BHSB.Fragment_Type_Base
    public void setListViewHeightBasedOnChildren(android.widget.ListView)
    public void setBhxh()
    private java.lang.String zzcj
    private java.lang.String zzlb
    private java.lang.String zzxh
    private java.lang.String rjbb
    private java.lang.String jym
    private java.lang.String jymscsj
    private java.lang.String ccrq
    private java.lang.String zzlbxh
    private java.lang.String sbgnpz
    private java.lang.String gzlbqlx
    private java.lang.String cjxx
    private java.lang.String dydj
    private boolean sfjrddzz
cn.com.sgcc.dev.view.fragment.DeviceOneFragment$1
cn.com.sgcc.dev.adapter.MyStationRecyclerAdapter$Holder
    private android.widget.TextView tv_type
    private android.widget.TextView tv_company
    private android.widget.TextView tvName
    private android.widget.TextView tvType
    private android.widget.TextView tv_maxVol
    private android.widget.TextView tvCompany
cn.com.sgcc.dev.R
cn.com.sgcc.dev.customeView.pullandsidesliplistview.SwipeMenuLayout
    public void <init>(android.view.View,cn.com.sgcc.dev.customeView.pullandsidesliplistview.SwipeMenuView)
    private void <init>(android.content.Context,android.util.AttributeSet)
    private void <init>(android.content.Context)
    public void openMenu()
    private static final int CONTENT_VIEW_ID
    private static final int MENU_VIEW_ID
    private static final int STATE_CLOSE
    private static final int STATE_OPEN
cn.com.sgcc.dev.adapter.MyExpListViewAdapter
cn.com.sgcc.dev.utils.UnzipAsyncTask
cn.com.sgcc.dev.view.activity.DataDownloadActivity
    public void writeUserInfo(cn.com.sgcc.dev.model2.UserInfo)
cn.com.sgcc.dev.utils.MyMD5Util
    public void <init>()
    public static java.lang.String tomd5_32(java.lang.String)
cn.com.sgcc.dev.adapter.TypeAkAdapter
    private java.util.List item
cn.com.sgcc.dev.utils.FileUtils
    public static java.util.List getFileNamesByPath(java.lang.String)
    private java.lang.String convertAlignToHtml(short)
    public static long getFileSize(java.io.File)
cn.com.sgcc.dev.customeView.recylerUtil.MTLinearSmoothScroller
    private static final float DEFAULT_MILLI_SECOND_PER_INCH
cn.com.sgcc.dev.utils.DeviceDateilsUtilsTwo
    public void <init>()
    private static long lastClickTime
cn.com.sgcc.dev.R$menu
...
org.apache.poi.ss.formula.eval.RelationalOperationEval$2
org.apache.poi.hwpf.model.PlexOfField
    public void <init>(int,int,byte[])
com.zxing.view.ViewfinderView
    public void drawResultBitmap(android.graphics.Bitmap)
    private static final int CORNER_WIDTH
    private static final int MiDDLE_LINE_WIDTH
    private static final int MIDDLE_LINE_PADDING
    private static final int SPEEN_DISTANCE
    private static final int TEXT_SIZE
    private static final int TEXT_PADDING_TOP
    private static final long ANIMATION_DELAY
    private static final int OPAQUE
org.apache.xmlbeans.impl.common.SoftCache
org.apache.poi.hssf.record.cf.PatternFormatting
    public void <init>(org.apache.poi.util.LittleEndianInput)
    public void setFillPattern(int)
    public void setFillBackgroundColor(int)
    public void setFillForegroundColor(int)
    public static final short NO_FILL
    public static final short SOLID_FOREGROUND
    public static final short FINE_DOTS
    public static final short ALT_BARS
    public static final short SPARSE_DOTS
    public static final short THICK_HORZ_BANDS
    public static final short THICK_VERT_BANDS
    public static final short THICK_BACKWARD_DIAG
    public static final short THICK_FORWARD_DIAG
    public static final short BIG_SPOTS
    public static final short BRICKS
    public static final short THIN_HORZ_BANDS
    public static final short THIN_VERT_BANDS
    public static final short THIN_BACKWARD_DIAG
    public static final short THIN_FORWARD_DIAG
    public static final short SQUARES
    public static final short DIAMONDS
    public static final short LESS_DOTS
    public static final short LEAST_DOTS
org.apache.poi.hssf.record.pivottable.ViewFieldsRecord$Axis
org.apache.poi.ss.formula.ptg.RefNPtg
    public static final byte sid
org.dom4j.InvalidXPathException
com.google.gson.TypeAdapter
    public final void toJson(java.io.Writer,java.lang.Object)
    public final java.lang.String toJson(java.lang.Object)
    public final java.lang.Object fromJson(java.io.Reader)
    public final java.lang.Object fromJson(java.lang.String)
    public final java.lang.Object fromJsonTree(com.google.gson.JsonElement)
org.openxmlformats.schemas.drawingml.x2006.main.impl.STGeomGuideNameImpl
org.openxmlformats.schemas.wordprocessingml.x2006.main.impl.CTHyperlinkImpl
org.apache.poi.hslf.model.AutoShapes$2
org.apache.poi.xssf.usermodel.XSSFCreationHelper
org.apache.poi.hssf.usermodel.HSSFFooter
org.openxmlformats.schemas.wordprocessingml.x2006.main.CTTblBorders
org.apache.xmlbeans.impl.xb.xsdschema.SimpleDerivationSet$Member$Enum
org.apache.poi.poifs.filesystem.FilteringDirectoryNode$FilteringIterator
org.openxmlformats.schemas.wordprocessingml.x2006.main.CTHeight
org.apache.poi.hssf.util.CellRangeAddressList
org.apache.poi.ddf.AbstractEscherOptRecord
    public java.util.List getEscherProperties()
    public org.apache.poi.ddf.EscherProperty getEscherProperty(int)
    public org.apache.poi.ddf.EscherProperty lookup(int)
    public void sortProperties()
    public void setEscherProperty(org.apache.poi.ddf.EscherProperty)
    public void removeEscherProperty(int)
    public java.lang.String toXml(java.lang.String)
org.apache.poi.hslf.record.ExMediaAtom
    protected void <init>(byte[],int,int)
    public void writeOut(java.io.OutputStream)
    public void setObjectId(int)
    public void setMask(int)
    public void setFlag(int,boolean)
    public static final int fLoop
    public static final int fRewind
    public static final int fNarration
org.apache.poi.ss.formula.functions.TextFunction$6
org.apache.poi.hdgf.streams.StringsStream
org.apache.xmlbeans.xml.stream.ReferenceResolver
org.openxmlformats.schemas.drawingml.x2006.main.STLineCap